The system is: Linux - 3.13.0-43-generic - x86_64
Compiling the C compiler identification source file "CMakeCCompilerId.c" succeeded.
Compiler: /usr/bin/gcc 
Build flags: 
Id flags: 

The output was:
0


Compilation of the C compiler identification source "CMakeCCompilerId.c" produced "a.out"

The C compiler identification is GNU, found in "/home/tom/Downloads/eigen/build/CMakeFiles/CompilerIdC/a.out"

Compiling the CXX compiler identification source file "CMakeCXXCompilerId.cpp" succeeded.
Compiler: /usr/bin/c++ 
Build flags: 
Id flags: 

The output was:
0


Compilation of the CXX compiler identification source "CMakeCXXCompilerId.cpp" produced "a.out"

The CXX compiler identification is GNU, found in "/home/tom/Downloads/eigen/build/CMakeFiles/CompilerIdCXX/a.out"

Determining if the C compiler works passed with the following output:
Change Dir: /home/tom/Downloads/eigen/build/CMakeFiles/CMakeTmp

Run Build Command:/usr/bin/make "cmTryCompileExec/fast"
/usr/bin/make -f CMakeFiles/cmTryCompileExec.dir/build.make CMakeFiles/cmTryCompileExec.dir/build
make[1]: Entering directory `/home/tom/Downloads/eigen/build/CMakeFiles/CMakeTmp'
/usr/bin/cmake -E cmake_progress_report /home/tom/Downloads/eigen/build/CMakeFiles/CMakeTmp/CMakeFiles 1
Building C object CMakeFiles/cmTryCompileExec.dir/testCCompiler.c.o
/usr/bin/gcc    -o CMakeFiles/cmTryCompileExec.dir/testCCompiler.c.o   -c /home/tom/Downloads/eigen/build/CMakeFiles/CMakeTmp/testCCompiler.c
Linking C executable cmTryCompileExec
/usr/bin/cmake -E cmake_link_script CMakeFiles/cmTryCompileExec.dir/link.txt --verbose=1
/usr/bin/gcc         CMakeFiles/cmTryCompileExec.dir/testCCompiler.c.o  -o cmTryCompileExec -rdynamic 
make[1]: Leaving directory `/home/tom/Downloads/eigen/build/CMakeFiles/CMakeTmp'


Detecting C compiler ABI info compiled with the following output:
Change Dir: /home/tom/Downloads/eigen/build/CMakeFiles/CMakeTmp

Run Build Command:/usr/bin/make "cmTryCompileExec/fast"
/usr/bin/make -f CMakeFiles/cmTryCompileExec.dir/build.make CMakeFiles/cmTryCompileExec.dir/build
make[1]: Entering directory `/home/tom/Downloads/eigen/build/CMakeFiles/CMakeTmp'
/usr/bin/cmake -E cmake_progress_report /home/tom/Downloads/eigen/build/CMakeFiles/CMakeTmp/CMakeFiles 1
Building C object CMakeFiles/cmTryCompileExec.dir/CMakeCCompilerABI.c.o
/usr/bin/gcc    -o CMakeFiles/cmTryCompileExec.dir/CMakeCCompilerABI.c.o   -c /usr/share/cmake-2.8/Modules/CMakeCCompilerABI.c
Linking C executable cmTryCompileExec
/usr/bin/cmake -E cmake_link_script CMakeFiles/cmTryCompileExec.dir/link.txt --verbose=1
/usr/bin/gcc       -v CMakeFiles/cmTryCompileExec.dir/CMakeCCompilerABI.c.o  -o cmTryCompileExec -rdynamic  
Using built-in specs.
COLLECT_GCC=/usr/bin/gcc
COLLECT_LTO_WRAPPER=/usr/lib/gcc/x86_64-linux-gnu/4.6/lto-wrapper
Target: x86_64-linux-gnu
Configured with: ../src/configure -v --with-pkgversion='Ubuntu/Linaro 4.6.3-1ubuntu5' --with-bugurl=file:///usr/share/doc/gcc-4.6/README.Bugs --enable-languages=c,c++,fortran,objc,obj-c++ --prefix=/usr --program-suffix=-4.6 --enable-shared --enable-linker-build-id --with-system-zlib --libexecdir=/usr/lib --without-included-gettext --enable-threads=posix --with-gxx-include-dir=/usr/include/c++/4.6 --libdir=/usr/lib --enable-nls --with-sysroot=/ --enable-clocale=gnu --enable-libstdcxx-debug --enable-libstdcxx-time=yes --enable-gnu-unique-object --enable-plugin --enable-objc-gc --disable-werror --with-arch-32=i686 --with-tune=generic --enable-checking=release --build=x86_64-linux-gnu --host=x86_64-linux-gnu --target=x86_64-linux-gnu
Thread model: posix
gcc version 4.6.3 (Ubuntu/Linaro 4.6.3-1ubuntu5) 
COMPILER_PATH=/usr/lib/gcc/x86_64-linux-gnu/4.6/:/usr/lib/gcc/x86_64-linux-gnu/4.6/:/usr/lib/gcc/x86_64-linux-gnu/:/usr/lib/gcc/x86_64-linux-gnu/4.6/:/usr/lib/gcc/x86_64-linux-gnu/
LIBRARY_PATH=/usr/lib/gcc/x86_64-linux-gnu/4.6/:/usr/lib/gcc/x86_64-linux-gnu/4.6/../../../x86_64-linux-gnu/:/usr/lib/gcc/x86_64-linux-gnu/4.6/../../../../lib/:/lib/x86_64-linux-gnu/:/lib/../lib/:/usr/lib/x86_64-linux-gnu/:/usr/lib/../lib/:/usr/lib/gcc/x86_64-linux-gnu/4.6/../../../:/lib/:/usr/lib/
COLLECT_GCC_OPTIONS='-v' '-o' 'cmTryCompileExec' '-rdynamic' '-mtune=generic' '-march=x86-64'
 /usr/lib/gcc/x86_64-linux-gnu/4.6/collect2 --sysroot=/ --build-id --no-add-needed --as-needed --eh-frame-hdr -m elf_x86_64 --hash-style=gnu -export-dynamic -dynamic-linker /lib64/ld-linux-x86-64.so.2 -z relro -o cmTryCompileExec /usr/lib/gcc/x86_64-linux-gnu/4.6/../../../x86_64-linux-gnu/crt1.o /usr/lib/gcc/x86_64-linux-gnu/4.6/../../../x86_64-linux-gnu/crti.o /usr/lib/gcc/x86_64-linux-gnu/4.6/crtbegin.o -L/usr/lib/gcc/x86_64-linux-gnu/4.6 -L/usr/lib/gcc/x86_64-linux-gnu/4.6/../../../x86_64-linux-gnu -L/usr/lib/gcc/x86_64-linux-gnu/4.6/../../../../lib -L/lib/x86_64-linux-gnu -L/lib/../lib -L/usr/lib/x86_64-linux-gnu -L/usr/lib/../lib -L/usr/lib/gcc/x86_64-linux-gnu/4.6/../../.. CMakeFiles/cmTryCompileExec.dir/CMakeCCompilerABI.c.o -lgcc --as-needed -lgcc_s --no-as-needed -lc -lgcc --as-needed -lgcc_s --no-as-needed /usr/lib/gcc/x86_64-linux-gnu/4.6/crtend.o /usr/lib/gcc/x86_64-linux-gnu/4.6/../../../x86_64-linux-gnu/crtn.o
make[1]: Leaving directory `/home/tom/Downloads/eigen/build/CMakeFiles/CMakeTmp'


Parsed C implicit link information from above output:
  link line regex: [^( *|.*[/\])(ld|ld|collect2)[^/\]*( |$)]
  ignore line: [Change Dir: /home/tom/Downloads/eigen/build/CMakeFiles/CMakeTmp]
  ignore line: []
  ignore line: [Run Build Command:/usr/bin/make "cmTryCompileExec/fast"]
  ignore line: [/usr/bin/make -f CMakeFiles/cmTryCompileExec.dir/build.make CMakeFiles/cmTryCompileExec.dir/build]
  ignore line: [make[1]: Entering directory `/home/tom/Downloads/eigen/build/CMakeFiles/CMakeTmp']
  ignore line: [/usr/bin/cmake -E cmake_progress_report /home/tom/Downloads/eigen/build/CMakeFiles/CMakeTmp/CMakeFiles 1]
  ignore line: [Building C object CMakeFiles/cmTryCompileExec.dir/CMakeCCompilerABI.c.o]
  ignore line: [/usr/bin/gcc    -o CMakeFiles/cmTryCompileExec.dir/CMakeCCompilerABI.c.o   -c /usr/share/cmake-2.8/Modules/CMakeCCompilerABI.c]
  ignore line: [Linking C executable cmTryCompileExec]
  ignore line: [/usr/bin/cmake -E cmake_link_script CMakeFiles/cmTryCompileExec.dir/link.txt --verbose=1]
  ignore line: [/usr/bin/gcc       -v CMakeFiles/cmTryCompileExec.dir/CMakeCCompilerABI.c.o  -o cmTryCompileExec -rdynamic  ]
  ignore line: [Using built-in specs.]
  ignore line: [COLLECT_GCC=/usr/bin/gcc]
  ignore line: [COLLECT_LTO_WRAPPER=/usr/lib/gcc/x86_64-linux-gnu/4.6/lto-wrapper]
  ignore line: [Target: x86_64-linux-gnu]
  ignore line: [Configured with: ../src/configure -v --with-pkgversion='Ubuntu/Linaro 4.6.3-1ubuntu5' --with-bugurl=file:///usr/share/doc/gcc-4.6/README.Bugs --enable-languages=c,c++,fortran,objc,obj-c++ --prefix=/usr --program-suffix=-4.6 --enable-shared --enable-linker-build-id --with-system-zlib --libexecdir=/usr/lib --without-included-gettext --enable-threads=posix --with-gxx-include-dir=/usr/include/c++/4.6 --libdir=/usr/lib --enable-nls --with-sysroot=/ --enable-clocale=gnu --enable-libstdcxx-debug --enable-libstdcxx-time=yes --enable-gnu-unique-object --enable-plugin --enable-objc-gc --disable-werror --with-arch-32=i686 --with-tune=generic --enable-checking=release --build=x86_64-linux-gnu --host=x86_64-linux-gnu --target=x86_64-linux-gnu]
  ignore line: [Thread model: posix]
  ignore line: [gcc version 4.6.3 (Ubuntu/Linaro 4.6.3-1ubuntu5) ]
  ignore line: [COMPILER_PATH=/usr/lib/gcc/x86_64-linux-gnu/4.6/:/usr/lib/gcc/x86_64-linux-gnu/4.6/:/usr/lib/gcc/x86_64-linux-gnu/:/usr/lib/gcc/x86_64-linux-gnu/4.6/:/usr/lib/gcc/x86_64-linux-gnu/]
  ignore line: [LIBRARY_PATH=/usr/lib/gcc/x86_64-linux-gnu/4.6/:/usr/lib/gcc/x86_64-linux-gnu/4.6/../../../x86_64-linux-gnu/:/usr/lib/gcc/x86_64-linux-gnu/4.6/../../../../lib/:/lib/x86_64-linux-gnu/:/lib/../lib/:/usr/lib/x86_64-linux-gnu/:/usr/lib/../lib/:/usr/lib/gcc/x86_64-linux-gnu/4.6/../../../:/lib/:/usr/lib/]
  ignore line: [COLLECT_GCC_OPTIONS='-v' '-o' 'cmTryCompileExec' '-rdynamic' '-mtune=generic' '-march=x86-64']
  link line: [ /usr/lib/gcc/x86_64-linux-gnu/4.6/collect2 --sysroot=/ --build-id --no-add-needed --as-needed --eh-frame-hdr -m elf_x86_64 --hash-style=gnu -export-dynamic -dynamic-linker /lib64/ld-linux-x86-64.so.2 -z relro -o cmTryCompileExec /usr/lib/gcc/x86_64-linux-gnu/4.6/../../../x86_64-linux-gnu/crt1.o /usr/lib/gcc/x86_64-linux-gnu/4.6/../../../x86_64-linux-gnu/crti.o /usr/lib/gcc/x86_64-linux-gnu/4.6/crtbegin.o -L/usr/lib/gcc/x86_64-linux-gnu/4.6 -L/usr/lib/gcc/x86_64-linux-gnu/4.6/../../../x86_64-linux-gnu -L/usr/lib/gcc/x86_64-linux-gnu/4.6/../../../../lib -L/lib/x86_64-linux-gnu -L/lib/../lib -L/usr/lib/x86_64-linux-gnu -L/usr/lib/../lib -L/usr/lib/gcc/x86_64-linux-gnu/4.6/../../.. CMakeFiles/cmTryCompileExec.dir/CMakeCCompilerABI.c.o -lgcc --as-needed -lgcc_s --no-as-needed -lc -lgcc --as-needed -lgcc_s --no-as-needed /usr/lib/gcc/x86_64-linux-gnu/4.6/crtend.o /usr/lib/gcc/x86_64-linux-gnu/4.6/../../../x86_64-linux-gnu/crtn.o]
    arg [/usr/lib/gcc/x86_64-linux-gnu/4.6/collect2] ==> ignore
    arg [--sysroot=/] ==> ignore
    arg [--build-id] ==> ignore
    arg [--no-add-needed] ==> ignore
    arg [--as-needed] ==> ignore
    arg [--eh-frame-hdr] ==> ignore
    arg [-m] ==> ignore
    arg [elf_x86_64] ==> ignore
    arg [--hash-style=gnu] ==> ignore
    arg [-export-dynamic] ==> ignore
    arg [-dynamic-linker] ==> ignore
    arg [/lib64/ld-linux-x86-64.so.2] ==> ignore
    arg [-zrelro] ==> ignore
    arg [-o] ==> ignore
    arg [cmTryCompileExec] ==> ignore
    arg [/usr/lib/gcc/x86_64-linux-gnu/4.6/../../../x86_64-linux-gnu/crt1.o] ==> ignore
    arg [/usr/lib/gcc/x86_64-linux-gnu/4.6/../../../x86_64-linux-gnu/crti.o] ==> ignore
    arg [/usr/lib/gcc/x86_64-linux-gnu/4.6/crtbegin.o] ==> ignore
    arg [-L/usr/lib/gcc/x86_64-linux-gnu/4.6] ==> dir [/usr/lib/gcc/x86_64-linux-gnu/4.6]
    arg [-L/usr/lib/gcc/x86_64-linux-gnu/4.6/../../../x86_64-linux-gnu] ==> dir [/usr/lib/gcc/x86_64-linux-gnu/4.6/../../../x86_64-linux-gnu]
    arg [-L/usr/lib/gcc/x86_64-linux-gnu/4.6/../../../../lib] ==> dir [/usr/lib/gcc/x86_64-linux-gnu/4.6/../../../../lib]
    arg [-L/lib/x86_64-linux-gnu] ==> dir [/lib/x86_64-linux-gnu]
    arg [-L/lib/../lib] ==> dir [/lib/../lib]
    arg [-L/usr/lib/x86_64-linux-gnu] ==> dir [/usr/lib/x86_64-linux-gnu]
    arg [-L/usr/lib/../lib] ==> dir [/usr/lib/../lib]
    arg [-L/usr/lib/gcc/x86_64-linux-gnu/4.6/../../..] ==> dir [/usr/lib/gcc/x86_64-linux-gnu/4.6/../../..]
    arg [CMakeFiles/cmTryCompileExec.dir/CMakeCCompilerABI.c.o] ==> ignore
    arg [-lgcc] ==> lib [gcc]
    arg [--as-needed] ==> ignore
    arg [-lgcc_s] ==> lib [gcc_s]
    arg [--no-as-needed] ==> ignore
    arg [-lc] ==> lib [c]
    arg [-lgcc] ==> lib [gcc]
    arg [--as-needed] ==> ignore
    arg [-lgcc_s] ==> lib [gcc_s]
    arg [--no-as-needed] ==> ignore
    arg [/usr/lib/gcc/x86_64-linux-gnu/4.6/crtend.o] ==> ignore
    arg [/usr/lib/gcc/x86_64-linux-gnu/4.6/../../../x86_64-linux-gnu/crtn.o] ==> ignore
  remove lib [gcc]
  remove lib [gcc_s]
  remove lib [gcc]
  remove lib [gcc_s]
  collapse dir [/usr/lib/gcc/x86_64-linux-gnu/4.6] ==> [/usr/lib/gcc/x86_64-linux-gnu/4.6]
  collapse dir [/usr/lib/gcc/x86_64-linux-gnu/4.6/../../../x86_64-linux-gnu] ==> [/usr/lib/x86_64-linux-gnu]
  collapse dir [/usr/lib/gcc/x86_64-linux-gnu/4.6/../../../../lib] ==> [/usr/lib]
  collapse dir [/lib/x86_64-linux-gnu] ==> [/lib/x86_64-linux-gnu]
  collapse dir [/lib/../lib] ==> [/lib]
  collapse dir [/usr/lib/x86_64-linux-gnu] ==> [/usr/lib/x86_64-linux-gnu]
  collapse dir [/usr/lib/../lib] ==> [/usr/lib]
  collapse dir [/usr/lib/gcc/x86_64-linux-gnu/4.6/../../..] ==> [/usr/lib]
  implicit libs: [c]
  implicit dirs: [/usr/lib/gcc/x86_64-linux-gnu/4.6;/usr/lib/x86_64-linux-gnu;/usr/lib;/lib/x86_64-linux-gnu;/lib]


Determining if the CXX compiler works passed with the following output:
Change Dir: /home/tom/Downloads/eigen/build/CMakeFiles/CMakeTmp

Run Build Command:/usr/bin/make "cmTryCompileExec/fast"
/usr/bin/make -f CMakeFiles/cmTryCompileExec.dir/build.make CMakeFiles/cmTryCompileExec.dir/build
make[1]: Entering directory `/home/tom/Downloads/eigen/build/CMakeFiles/CMakeTmp'
/usr/bin/cmake -E cmake_progress_report /home/tom/Downloads/eigen/build/CMakeFiles/CMakeTmp/CMakeFiles 1
Building CXX object CMakeFiles/cmTryCompileExec.dir/testCXXCompiler.cxx.o
/usr/bin/c++     -o CMakeFiles/cmTryCompileExec.dir/testCXXCompiler.cxx.o -c /home/tom/Downloads/eigen/build/CMakeFiles/CMakeTmp/testCXXCompiler.cxx
Linking CXX executable cmTryCompileExec
/usr/bin/cmake -E cmake_link_script CMakeFiles/cmTryCompileExec.dir/link.txt --verbose=1
/usr/bin/c++          CMakeFiles/cmTryCompileExec.dir/testCXXCompiler.cxx.o  -o cmTryCompileExec -rdynamic 
make[1]: Leaving directory `/home/tom/Downloads/eigen/build/CMakeFiles/CMakeTmp'


Detecting CXX compiler ABI info compiled with the following output:
Change Dir: /home/tom/Downloads/eigen/build/CMakeFiles/CMakeTmp

Run Build Command:/usr/bin/make "cmTryCompileExec/fast"
/usr/bin/make -f CMakeFiles/cmTryCompileExec.dir/build.make CMakeFiles/cmTryCompileExec.dir/build
make[1]: Entering directory `/home/tom/Downloads/eigen/build/CMakeFiles/CMakeTmp'
/usr/bin/cmake -E cmake_progress_report /home/tom/Downloads/eigen/build/CMakeFiles/CMakeTmp/CMakeFiles 1
Building CXX object CMakeFiles/cmTryCompileExec.dir/CMakeCXXCompilerABI.cpp.o
/usr/bin/c++     -o CMakeFiles/cmTryCompileExec.dir/CMakeCXXCompilerABI.cpp.o -c /usr/share/cmake-2.8/Modules/CMakeCXXCompilerABI.cpp
Linking CXX executable cmTryCompileExec
/usr/bin/cmake -E cmake_link_script CMakeFiles/cmTryCompileExec.dir/link.txt --verbose=1
/usr/bin/c++        -v CMakeFiles/cmTryCompileExec.dir/CMakeCXXCompilerABI.cpp.o  -o cmTryCompileExec -rdynamic  
Using built-in specs.
COLLECT_GCC=/usr/bin/c++
COLLECT_LTO_WRAPPER=/usr/lib/gcc/x86_64-linux-gnu/4.6/lto-wrapper
Target: x86_64-linux-gnu
Configured with: ../src/configure -v --with-pkgversion='Ubuntu/Linaro 4.6.3-1ubuntu5' --with-bugurl=file:///usr/share/doc/gcc-4.6/README.Bugs --enable-languages=c,c++,fortran,objc,obj-c++ --prefix=/usr --program-suffix=-4.6 --enable-shared --enable-linker-build-id --with-system-zlib --libexecdir=/usr/lib --without-included-gettext --enable-threads=posix --with-gxx-include-dir=/usr/include/c++/4.6 --libdir=/usr/lib --enable-nls --with-sysroot=/ --enable-clocale=gnu --enable-libstdcxx-debug --enable-libstdcxx-time=yes --enable-gnu-unique-object --enable-plugin --enable-objc-gc --disable-werror --with-arch-32=i686 --with-tune=generic --enable-checking=release --build=x86_64-linux-gnu --host=x86_64-linux-gnu --target=x86_64-linux-gnu
Thread model: posix
gcc version 4.6.3 (Ubuntu/Linaro 4.6.3-1ubuntu5) 
COMPILER_PATH=/usr/lib/gcc/x86_64-linux-gnu/4.6/:/usr/lib/gcc/x86_64-linux-gnu/4.6/:/usr/lib/gcc/x86_64-linux-gnu/:/usr/lib/gcc/x86_64-linux-gnu/4.6/:/usr/lib/gcc/x86_64-linux-gnu/
LIBRARY_PATH=/usr/lib/gcc/x86_64-linux-gnu/4.6/:/usr/lib/gcc/x86_64-linux-gnu/4.6/../../../x86_64-linux-gnu/:/usr/lib/gcc/x86_64-linux-gnu/4.6/../../../../lib/:/lib/x86_64-linux-gnu/:/lib/../lib/:/usr/lib/x86_64-linux-gnu/:/usr/lib/../lib/:/usr/lib/gcc/x86_64-linux-gnu/4.6/../../../:/lib/:/usr/lib/
COLLECT_GCC_OPTIONS='-v' '-o' 'cmTryCompileExec' '-rdynamic' '-shared-libgcc' '-mtune=generic' '-march=x86-64'
 /usr/lib/gcc/x86_64-linux-gnu/4.6/collect2 --sysroot=/ --build-id --no-add-needed --as-needed --eh-frame-hdr -m elf_x86_64 --hash-style=gnu -export-dynamic -dynamic-linker /lib64/ld-linux-x86-64.so.2 -z relro -o cmTryCompileExec /usr/lib/gcc/x86_64-linux-gnu/4.6/../../../x86_64-linux-gnu/crt1.o /usr/lib/gcc/x86_64-linux-gnu/4.6/../../../x86_64-linux-gnu/crti.o /usr/lib/gcc/x86_64-linux-gnu/4.6/crtbegin.o -L/usr/lib/gcc/x86_64-linux-gnu/4.6 -L/usr/lib/gcc/x86_64-linux-gnu/4.6/../../../x86_64-linux-gnu -L/usr/lib/gcc/x86_64-linux-gnu/4.6/../../../../lib -L/lib/x86_64-linux-gnu -L/lib/../lib -L/usr/lib/x86_64-linux-gnu -L/usr/lib/../lib -L/usr/lib/gcc/x86_64-linux-gnu/4.6/../../.. CMakeFiles/cmTryCompileExec.dir/CMakeCXXCompilerABI.cpp.o -lstdc++ -lm -lgcc_s -lgcc -lc -lgcc_s -lgcc /usr/lib/gcc/x86_64-linux-gnu/4.6/crtend.o /usr/lib/gcc/x86_64-linux-gnu/4.6/../../../x86_64-linux-gnu/crtn.o
make[1]: Leaving directory `/home/tom/Downloads/eigen/build/CMakeFiles/CMakeTmp'


Parsed CXX implicit link information from above output:
  link line regex: [^( *|.*[/\])(ld|ld|collect2)[^/\]*( |$)]
  ignore line: [Change Dir: /home/tom/Downloads/eigen/build/CMakeFiles/CMakeTmp]
  ignore line: []
  ignore line: [Run Build Command:/usr/bin/make "cmTryCompileExec/fast"]
  ignore line: [/usr/bin/make -f CMakeFiles/cmTryCompileExec.dir/build.make CMakeFiles/cmTryCompileExec.dir/build]
  ignore line: [make[1]: Entering directory `/home/tom/Downloads/eigen/build/CMakeFiles/CMakeTmp']
  ignore line: [/usr/bin/cmake -E cmake_progress_report /home/tom/Downloads/eigen/build/CMakeFiles/CMakeTmp/CMakeFiles 1]
  ignore line: [Building CXX object CMakeFiles/cmTryCompileExec.dir/CMakeCXXCompilerABI.cpp.o]
  ignore line: [/usr/bin/c++     -o CMakeFiles/cmTryCompileExec.dir/CMakeCXXCompilerABI.cpp.o -c /usr/share/cmake-2.8/Modules/CMakeCXXCompilerABI.cpp]
  ignore line: [Linking CXX executable cmTryCompileExec]
  ignore line: [/usr/bin/cmake -E cmake_link_script CMakeFiles/cmTryCompileExec.dir/link.txt --verbose=1]
  ignore line: [/usr/bin/c++        -v CMakeFiles/cmTryCompileExec.dir/CMakeCXXCompilerABI.cpp.o  -o cmTryCompileExec -rdynamic  ]
  ignore line: [Using built-in specs.]
  ignore line: [COLLECT_GCC=/usr/bin/c++]
  ignore line: [COLLECT_LTO_WRAPPER=/usr/lib/gcc/x86_64-linux-gnu/4.6/lto-wrapper]
  ignore line: [Target: x86_64-linux-gnu]
  ignore line: [Configured with: ../src/configure -v --with-pkgversion='Ubuntu/Linaro 4.6.3-1ubuntu5' --with-bugurl=file:///usr/share/doc/gcc-4.6/README.Bugs --enable-languages=c,c++,fortran,objc,obj-c++ --prefix=/usr --program-suffix=-4.6 --enable-shared --enable-linker-build-id --with-system-zlib --libexecdir=/usr/lib --without-included-gettext --enable-threads=posix --with-gxx-include-dir=/usr/include/c++/4.6 --libdir=/usr/lib --enable-nls --with-sysroot=/ --enable-clocale=gnu --enable-libstdcxx-debug --enable-libstdcxx-time=yes --enable-gnu-unique-object --enable-plugin --enable-objc-gc --disable-werror --with-arch-32=i686 --with-tune=generic --enable-checking=release --build=x86_64-linux-gnu --host=x86_64-linux-gnu --target=x86_64-linux-gnu]
  ignore line: [Thread model: posix]
  ignore line: [gcc version 4.6.3 (Ubuntu/Linaro 4.6.3-1ubuntu5) ]
  ignore line: [COMPILER_PATH=/usr/lib/gcc/x86_64-linux-gnu/4.6/:/usr/lib/gcc/x86_64-linux-gnu/4.6/:/usr/lib/gcc/x86_64-linux-gnu/:/usr/lib/gcc/x86_64-linux-gnu/4.6/:/usr/lib/gcc/x86_64-linux-gnu/]
  ignore line: [LIBRARY_PATH=/usr/lib/gcc/x86_64-linux-gnu/4.6/:/usr/lib/gcc/x86_64-linux-gnu/4.6/../../../x86_64-linux-gnu/:/usr/lib/gcc/x86_64-linux-gnu/4.6/../../../../lib/:/lib/x86_64-linux-gnu/:/lib/../lib/:/usr/lib/x86_64-linux-gnu/:/usr/lib/../lib/:/usr/lib/gcc/x86_64-linux-gnu/4.6/../../../:/lib/:/usr/lib/]
  ignore line: [COLLECT_GCC_OPTIONS='-v' '-o' 'cmTryCompileExec' '-rdynamic' '-shared-libgcc' '-mtune=generic' '-march=x86-64']
  link line: [ /usr/lib/gcc/x86_64-linux-gnu/4.6/collect2 --sysroot=/ --build-id --no-add-needed --as-needed --eh-frame-hdr -m elf_x86_64 --hash-style=gnu -export-dynamic -dynamic-linker /lib64/ld-linux-x86-64.so.2 -z relro -o cmTryCompileExec /usr/lib/gcc/x86_64-linux-gnu/4.6/../../../x86_64-linux-gnu/crt1.o /usr/lib/gcc/x86_64-linux-gnu/4.6/../../../x86_64-linux-gnu/crti.o /usr/lib/gcc/x86_64-linux-gnu/4.6/crtbegin.o -L/usr/lib/gcc/x86_64-linux-gnu/4.6 -L/usr/lib/gcc/x86_64-linux-gnu/4.6/../../../x86_64-linux-gnu -L/usr/lib/gcc/x86_64-linux-gnu/4.6/../../../../lib -L/lib/x86_64-linux-gnu -L/lib/../lib -L/usr/lib/x86_64-linux-gnu -L/usr/lib/../lib -L/usr/lib/gcc/x86_64-linux-gnu/4.6/../../.. CMakeFiles/cmTryCompileExec.dir/CMakeCXXCompilerABI.cpp.o -lstdc++ -lm -lgcc_s -lgcc -lc -lgcc_s -lgcc /usr/lib/gcc/x86_64-linux-gnu/4.6/crtend.o /usr/lib/gcc/x86_64-linux-gnu/4.6/../../../x86_64-linux-gnu/crtn.o]
    arg [/usr/lib/gcc/x86_64-linux-gnu/4.6/collect2] ==> ignore
    arg [--sysroot=/] ==> ignore
    arg [--build-id] ==> ignore
    arg [--no-add-needed] ==> ignore
    arg [--as-needed] ==> ignore
    arg [--eh-frame-hdr] ==> ignore
    arg [-m] ==> ignore
    arg [elf_x86_64] ==> ignore
    arg [--hash-style=gnu] ==> ignore
    arg [-export-dynamic] ==> ignore
    arg [-dynamic-linker] ==> ignore
    arg [/lib64/ld-linux-x86-64.so.2] ==> ignore
    arg [-zrelro] ==> ignore
    arg [-o] ==> ignore
    arg [cmTryCompileExec] ==> ignore
    arg [/usr/lib/gcc/x86_64-linux-gnu/4.6/../../../x86_64-linux-gnu/crt1.o] ==> ignore
    arg [/usr/lib/gcc/x86_64-linux-gnu/4.6/../../../x86_64-linux-gnu/crti.o] ==> ignore
    arg [/usr/lib/gcc/x86_64-linux-gnu/4.6/crtbegin.o] ==> ignore
    arg [-L/usr/lib/gcc/x86_64-linux-gnu/4.6] ==> dir [/usr/lib/gcc/x86_64-linux-gnu/4.6]
    arg [-L/usr/lib/gcc/x86_64-linux-gnu/4.6/../../../x86_64-linux-gnu] ==> dir [/usr/lib/gcc/x86_64-linux-gnu/4.6/../../../x86_64-linux-gnu]
    arg [-L/usr/lib/gcc/x86_64-linux-gnu/4.6/../../../../lib] ==> dir [/usr/lib/gcc/x86_64-linux-gnu/4.6/../../../../lib]
    arg [-L/lib/x86_64-linux-gnu] ==> dir [/lib/x86_64-linux-gnu]
    arg [-L/lib/../lib] ==> dir [/lib/../lib]
    arg [-L/usr/lib/x86_64-linux-gnu] ==> dir [/usr/lib/x86_64-linux-gnu]
    arg [-L/usr/lib/../lib] ==> dir [/usr/lib/../lib]
    arg [-L/usr/lib/gcc/x86_64-linux-gnu/4.6/../../..] ==> dir [/usr/lib/gcc/x86_64-linux-gnu/4.6/../../..]
    arg [CMakeFiles/cmTryCompileExec.dir/CMakeCXXCompilerABI.cpp.o] ==> ignore
    arg [-lstdc++] ==> lib [stdc++]
    arg [-lm] ==> lib [m]
    arg [-lgcc_s] ==> lib [gcc_s]
    arg [-lgcc] ==> lib [gcc]
    arg [-lc] ==> lib [c]
    arg [-lgcc_s] ==> lib [gcc_s]
    arg [-lgcc] ==> lib [gcc]
    arg [/usr/lib/gcc/x86_64-linux-gnu/4.6/crtend.o] ==> ignore
    arg [/usr/lib/gcc/x86_64-linux-gnu/4.6/../../../x86_64-linux-gnu/crtn.o] ==> ignore
  remove lib [gcc_s]
  remove lib [gcc]
  remove lib [gcc_s]
  remove lib [gcc]
  collapse dir [/usr/lib/gcc/x86_64-linux-gnu/4.6] ==> [/usr/lib/gcc/x86_64-linux-gnu/4.6]
  collapse dir [/usr/lib/gcc/x86_64-linux-gnu/4.6/../../../x86_64-linux-gnu] ==> [/usr/lib/x86_64-linux-gnu]
  collapse dir [/usr/lib/gcc/x86_64-linux-gnu/4.6/../../../../lib] ==> [/usr/lib]
  collapse dir [/lib/x86_64-linux-gnu] ==> [/lib/x86_64-linux-gnu]
  collapse dir [/lib/../lib] ==> [/lib]
  collapse dir [/usr/lib/x86_64-linux-gnu] ==> [/usr/lib/x86_64-linux-gnu]
  collapse dir [/usr/lib/../lib] ==> [/usr/lib]
  collapse dir [/usr/lib/gcc/x86_64-linux-gnu/4.6/../../..] ==> [/usr/lib]
  implicit libs: [stdc++;m;c]
  implicit dirs: [/usr/lib/gcc/x86_64-linux-gnu/4.6;/usr/lib/x86_64-linux-gnu;/usr/lib;/lib/x86_64-linux-gnu;/lib]


Performing C++ SOURCE FILE Test standard_math_library_linked_to_automatically succeded with the following output:
Change Dir: /home/tom/Downloads/eigen/build/CMakeFiles/CMakeTmp

Run Build Command:/usr/bin/make "cmTryCompileExec/fast"
/usr/bin/make -f CMakeFiles/cmTryCompileExec.dir/build.make CMakeFiles/cmTryCompileExec.dir/build
make[1]: Entering directory `/home/tom/Downloads/eigen/build/CMakeFiles/CMakeTmp'
/usr/bin/cmake -E cmake_progress_report /home/tom/Downloads/eigen/build/CMakeFiles/CMakeTmp/CMakeFiles 1
Building CXX object CMakeFiles/cmTryCompileExec.dir/src.cxx.o
/usr/bin/c++    -Dstandard_math_library_linked_to_automatically   -o CMakeFiles/cmTryCompileExec.dir/src.cxx.o -c /home/tom/Downloads/eigen/build/CMakeFiles/CMakeTmp/src.cxx
Linking CXX executable cmTryCompileExec
/usr/bin/cmake -E cmake_link_script CMakeFiles/cmTryCompileExec.dir/link.txt --verbose=1
/usr/bin/c++      -Dstandard_math_library_linked_to_automatically    CMakeFiles/cmTryCompileExec.dir/src.cxx.o  -o cmTryCompileExec -rdynamic 
make[1]: Leaving directory `/home/tom/Downloads/eigen/build/CMakeFiles/CMakeTmp'

Source file was:
#include<cmath>
int main() { std::sin(0.0); std::log(0.0f); }
Performing C++ SOURCE FILE Test COMPILER_SUPPORT_WERROR succeded with the following output:
Change Dir: /home/tom/Downloads/eigen/build/CMakeFiles/CMakeTmp

Run Build Command:/usr/bin/make "cmTryCompileExec/fast"
/usr/bin/make -f CMakeFiles/cmTryCompileExec.dir/build.make CMakeFiles/cmTryCompileExec.dir/build
make[1]: Entering directory `/home/tom/Downloads/eigen/build/CMakeFiles/CMakeTmp'
/usr/bin/cmake -E cmake_progress_report /home/tom/Downloads/eigen/build/CMakeFiles/CMakeTmp/CMakeFiles 1
Building CXX object CMakeFiles/cmTryCompileExec.dir/src.cxx.o
/usr/bin/c++    -fexceptions  -DCOMPILER_SUPPORT_WERROR   -Werror -o CMakeFiles/cmTryCompileExec.dir/src.cxx.o -c /home/tom/Downloads/eigen/build/CMakeFiles/CMakeTmp/src.cxx
Linking CXX executable cmTryCompileExec
/usr/bin/cmake -E cmake_link_script CMakeFiles/cmTryCompileExec.dir/link.txt --verbose=1
/usr/bin/c++     -fexceptions  -DCOMPILER_SUPPORT_WERROR    CMakeFiles/cmTryCompileExec.dir/src.cxx.o  -o cmTryCompileExec -rdynamic 
make[1]: Leaving directory `/home/tom/Downloads/eigen/build/CMakeFiles/CMakeTmp'

Source file was:
int main() { return 0;}
Performing C++ SOURCE FILE Test COMPILER_SUPPORT_pedantic succeded with the following output:
Change Dir: /home/tom/Downloads/eigen/build/CMakeFiles/CMakeTmp

Run Build Command:/usr/bin/make "cmTryCompileExec/fast"
/usr/bin/make -f CMakeFiles/cmTryCompileExec.dir/build.make CMakeFiles/cmTryCompileExec.dir/build
make[1]: Entering directory `/home/tom/Downloads/eigen/build/CMakeFiles/CMakeTmp'
/usr/bin/cmake -E cmake_progress_report /home/tom/Downloads/eigen/build/CMakeFiles/CMakeTmp/CMakeFiles 1
Building CXX object CMakeFiles/cmTryCompileExec.dir/src.cxx.o
/usr/bin/c++    -fexceptions  -DCOMPILER_SUPPORT_pedantic -Werror   -pedantic -o CMakeFiles/cmTryCompileExec.dir/src.cxx.o -c /home/tom/Downloads/eigen/build/CMakeFiles/CMakeTmp/src.cxx
Linking CXX executable cmTryCompileExec
/usr/bin/cmake -E cmake_link_script CMakeFiles/cmTryCompileExec.dir/link.txt --verbose=1
/usr/bin/c++     -fexceptions  -DCOMPILER_SUPPORT_pedantic -Werror    CMakeFiles/cmTryCompileExec.dir/src.cxx.o  -o cmTryCompileExec -rdynamic 
make[1]: Leaving directory `/home/tom/Downloads/eigen/build/CMakeFiles/CMakeTmp'

Source file was:
int main() { return 0;}
Performing C++ SOURCE FILE Test COMPILER_SUPPORT_Wall succeded with the following output:
Change Dir: /home/tom/Downloads/eigen/build/CMakeFiles/CMakeTmp

Run Build Command:/usr/bin/make "cmTryCompileExec/fast"
/usr/bin/make -f CMakeFiles/cmTryCompileExec.dir/build.make CMakeFiles/cmTryCompileExec.dir/build
make[1]: Entering directory `/home/tom/Downloads/eigen/build/CMakeFiles/CMakeTmp'
/usr/bin/cmake -E cmake_progress_report /home/tom/Downloads/eigen/build/CMakeFiles/CMakeTmp/CMakeFiles 1
Building CXX object CMakeFiles/cmTryCompileExec.dir/src.cxx.o
/usr/bin/c++    -fexceptions -pedantic  -DCOMPILER_SUPPORT_Wall -Werror   -Wall -o CMakeFiles/cmTryCompileExec.dir/src.cxx.o -c /home/tom/Downloads/eigen/build/CMakeFiles/CMakeTmp/src.cxx
Linking CXX executable cmTryCompileExec
/usr/bin/cmake -E cmake_link_script CMakeFiles/cmTryCompileExec.dir/link.txt --verbose=1
/usr/bin/c++     -fexceptions -pedantic  -DCOMPILER_SUPPORT_Wall -Werror    CMakeFiles/cmTryCompileExec.dir/src.cxx.o  -o cmTryCompileExec -rdynamic 
make[1]: Leaving directory `/home/tom/Downloads/eigen/build/CMakeFiles/CMakeTmp'

Source file was:
int main() { return 0;}
Performing C++ SOURCE FILE Test COMPILER_SUPPORT_Wextra succeded with the following output:
Change Dir: /home/tom/Downloads/eigen/build/CMakeFiles/CMakeTmp

Run Build Command:/usr/bin/make "cmTryCompileExec/fast"
/usr/bin/make -f CMakeFiles/cmTryCompileExec.dir/build.make CMakeFiles/cmTryCompileExec.dir/build
make[1]: Entering directory `/home/tom/Downloads/eigen/build/CMakeFiles/CMakeTmp'
/usr/bin/cmake -E cmake_progress_report /home/tom/Downloads/eigen/build/CMakeFiles/CMakeTmp/CMakeFiles 1
Building CXX object CMakeFiles/cmTryCompileExec.dir/src.cxx.o
/usr/bin/c++    -fexceptions -pedantic -Wall  -DCOMPILER_SUPPORT_Wextra -Werror   -Wextra -o CMakeFiles/cmTryCompileExec.dir/src.cxx.o -c /home/tom/Downloads/eigen/build/CMakeFiles/CMakeTmp/src.cxx
Linking CXX executable cmTryCompileExec
/usr/bin/cmake -E cmake_link_script CMakeFiles/cmTryCompileExec.dir/link.txt --verbose=1
/usr/bin/c++     -fexceptions -pedantic -Wall  -DCOMPILER_SUPPORT_Wextra -Werror    CMakeFiles/cmTryCompileExec.dir/src.cxx.o  -o cmTryCompileExec -rdynamic 
make[1]: Leaving directory `/home/tom/Downloads/eigen/build/CMakeFiles/CMakeTmp'

Source file was:
int main() { return 0;}
Performing C++ SOURCE FILE Test COMPILER_SUPPORT_Wundef succeded with the following output:
Change Dir: /home/tom/Downloads/eigen/build/CMakeFiles/CMakeTmp

Run Build Command:/usr/bin/make "cmTryCompileExec/fast"
/usr/bin/make -f CMakeFiles/cmTryCompileExec.dir/build.make CMakeFiles/cmTryCompileExec.dir/build
make[1]: Entering directory `/home/tom/Downloads/eigen/build/CMakeFiles/CMakeTmp'
/usr/bin/cmake -E cmake_progress_report /home/tom/Downloads/eigen/build/CMakeFiles/CMakeTmp/CMakeFiles 1
Building CXX object CMakeFiles/cmTryCompileExec.dir/src.cxx.o
/usr/bin/c++    -fexceptions -pedantic -Wall -Wextra  -DCOMPILER_SUPPORT_Wundef -Werror   -Wundef -o CMakeFiles/cmTryCompileExec.dir/src.cxx.o -c /home/tom/Downloads/eigen/build/CMakeFiles/CMakeTmp/src.cxx
Linking CXX executable cmTryCompileExec
/usr/bin/cmake -E cmake_link_script CMakeFiles/cmTryCompileExec.dir/link.txt --verbose=1
/usr/bin/c++     -fexceptions -pedantic -Wall -Wextra  -DCOMPILER_SUPPORT_Wundef -Werror    CMakeFiles/cmTryCompileExec.dir/src.cxx.o  -o cmTryCompileExec -rdynamic 
make[1]: Leaving directory `/home/tom/Downloads/eigen/build/CMakeFiles/CMakeTmp'

Source file was:
int main() { return 0;}
Performing C++ SOURCE FILE Test COMPILER_SUPPORT_Wcastalign succeded with the following output:
Change Dir: /home/tom/Downloads/eigen/build/CMakeFiles/CMakeTmp

Run Build Command:/usr/bin/make "cmTryCompileExec/fast"
/usr/bin/make -f CMakeFiles/cmTryCompileExec.dir/build.make CMakeFiles/cmTryCompileExec.dir/build
make[1]: Entering directory `/home/tom/Downloads/eigen/build/CMakeFiles/CMakeTmp'
/usr/bin/cmake -E cmake_progress_report /home/tom/Downloads/eigen/build/CMakeFiles/CMakeTmp/CMakeFiles 1
Building CXX object CMakeFiles/cmTryCompileExec.dir/src.cxx.o
/usr/bin/c++    -fexceptions -pedantic -Wall -Wextra -Wundef  -DCOMPILER_SUPPORT_Wcastalign -Werror   -Wcast-align -o CMakeFiles/cmTryCompileExec.dir/src.cxx.o -c /home/tom/Downloads/eigen/build/CMakeFiles/CMakeTmp/src.cxx
Linking CXX executable cmTryCompileExec
/usr/bin/cmake -E cmake_link_script CMakeFiles/cmTryCompileExec.dir/link.txt --verbose=1
/usr/bin/c++     -fexceptions -pedantic -Wall -Wextra -Wundef  -DCOMPILER_SUPPORT_Wcastalign -Werror    CMakeFiles/cmTryCompileExec.dir/src.cxx.o  -o cmTryCompileExec -rdynamic 
make[1]: Leaving directory `/home/tom/Downloads/eigen/build/CMakeFiles/CMakeTmp'

Source file was:
int main() { return 0;}
Performing C++ SOURCE FILE Test COMPILER_SUPPORT_Wcharsubscripts succeded with the following output:
Change Dir: /home/tom/Downloads/eigen/build/CMakeFiles/CMakeTmp

Run Build Command:/usr/bin/make "cmTryCompileExec/fast"
/usr/bin/make -f CMakeFiles/cmTryCompileExec.dir/build.make CMakeFiles/cmTryCompileExec.dir/build
make[1]: Entering directory `/home/tom/Downloads/eigen/build/CMakeFiles/CMakeTmp'
/usr/bin/cmake -E cmake_progress_report /home/tom/Downloads/eigen/build/CMakeFiles/CMakeTmp/CMakeFiles 1
Building CXX object CMakeFiles/cmTryCompileExec.dir/src.cxx.o
/usr/bin/c++    -fexceptions -pedantic -Wall -Wextra -Wundef -Wcast-align  -DCOMPILER_SUPPORT_Wcharsubscripts -Werror   -Wchar-subscripts -o CMakeFiles/cmTryCompileExec.dir/src.cxx.o -c /home/tom/Downloads/eigen/build/CMakeFiles/CMakeTmp/src.cxx
Linking CXX executable cmTryCompileExec
/usr/bin/cmake -E cmake_link_script CMakeFiles/cmTryCompileExec.dir/link.txt --verbose=1
/usr/bin/c++     -fexceptions -pedantic -Wall -Wextra -Wundef -Wcast-align  -DCOMPILER_SUPPORT_Wcharsubscripts -Werror    CMakeFiles/cmTryCompileExec.dir/src.cxx.o  -o cmTryCompileExec -rdynamic 
make[1]: Leaving directory `/home/tom/Downloads/eigen/build/CMakeFiles/CMakeTmp'

Source file was:
int main() { return 0;}
Performing C++ SOURCE FILE Test COMPILER_SUPPORT_Wnonvirtualdtor succeded with the following output:
Change Dir: /home/tom/Downloads/eigen/build/CMakeFiles/CMakeTmp

Run Build Command:/usr/bin/make "cmTryCompileExec/fast"
/usr/bin/make -f CMakeFiles/cmTryCompileExec.dir/build.make CMakeFiles/cmTryCompileExec.dir/build
make[1]: Entering directory `/home/tom/Downloads/eigen/build/CMakeFiles/CMakeTmp'
/usr/bin/cmake -E cmake_progress_report /home/tom/Downloads/eigen/build/CMakeFiles/CMakeTmp/CMakeFiles 1
Building CXX object CMakeFiles/cmTryCompileExec.dir/src.cxx.o
/usr/bin/c++    -fexceptions -pedantic -Wall -Wextra -Wundef -Wcast-align -Wchar-subscripts  -DCOMPILER_SUPPORT_Wnonvirtualdtor -Werror   -Wnon-virtual-dtor -o CMakeFiles/cmTryCompileExec.dir/src.cxx.o -c /home/tom/Downloads/eigen/build/CMakeFiles/CMakeTmp/src.cxx
Linking CXX executable cmTryCompileExec
/usr/bin/cmake -E cmake_link_script CMakeFiles/cmTryCompileExec.dir/link.txt --verbose=1
/usr/bin/c++     -fexceptions -pedantic -Wall -Wextra -Wundef -Wcast-align -Wchar-subscripts  -DCOMPILER_SUPPORT_Wnonvirtualdtor -Werror    CMakeFiles/cmTryCompileExec.dir/src.cxx.o  -o cmTryCompileExec -rdynamic 
make[1]: Leaving directory `/home/tom/Downloads/eigen/build/CMakeFiles/CMakeTmp'

Source file was:
int main() { return 0;}
Performing C++ SOURCE FILE Test COMPILER_SUPPORT_Wpointerarith succeded with the following output:
Change Dir: /home/tom/Downloads/eigen/build/CMakeFiles/CMakeTmp

Run Build Command:/usr/bin/make "cmTryCompileExec/fast"
/usr/bin/make -f CMakeFiles/cmTryCompileExec.dir/build.make CMakeFiles/cmTryCompileExec.dir/build
make[1]: Entering directory `/home/tom/Downloads/eigen/build/CMakeFiles/CMakeTmp'
/usr/bin/cmake -E cmake_progress_report /home/tom/Downloads/eigen/build/CMakeFiles/CMakeTmp/CMakeFiles 1
Building CXX object CMakeFiles/cmTryCompileExec.dir/src.cxx.o
/usr/bin/c++    -fexceptions -pedantic -Wall -Wextra -Wundef -Wcast-align -Wchar-subscripts -Wnon-virtual-dtor  -DCOMPILER_SUPPORT_Wpointerarith -Werror   -Wpointer-arith -o CMakeFiles/cmTryCompileExec.dir/src.cxx.o -c /home/tom/Downloads/eigen/build/CMakeFiles/CMakeTmp/src.cxx
Linking CXX executable cmTryCompileExec
/usr/bin/cmake -E cmake_link_script CMakeFiles/cmTryCompileExec.dir/link.txt --verbose=1
/usr/bin/c++     -fexceptions -pedantic -Wall -Wextra -Wundef -Wcast-align -Wchar-subscripts -Wnon-virtual-dtor  -DCOMPILER_SUPPORT_Wpointerarith -Werror    CMakeFiles/cmTryCompileExec.dir/src.cxx.o  -o cmTryCompileExec -rdynamic 
make[1]: Leaving directory `/home/tom/Downloads/eigen/build/CMakeFiles/CMakeTmp'

Source file was:
int main() { return 0;}
Performing C++ SOURCE FILE Test COMPILER_SUPPORT_Wwritestrings succeded with the following output:
Change Dir: /home/tom/Downloads/eigen/build/CMakeFiles/CMakeTmp

Run Build Command:/usr/bin/make "cmTryCompileExec/fast"
/usr/bin/make -f CMakeFiles/cmTryCompileExec.dir/build.make CMakeFiles/cmTryCompileExec.dir/build
make[1]: Entering directory `/home/tom/Downloads/eigen/build/CMakeFiles/CMakeTmp'
/usr/bin/cmake -E cmake_progress_report /home/tom/Downloads/eigen/build/CMakeFiles/CMakeTmp/CMakeFiles 1
Building CXX object CMakeFiles/cmTryCompileExec.dir/src.cxx.o
/usr/bin/c++    -fexceptions -pedantic -Wall -Wextra -Wundef -Wcast-align -Wchar-subscripts -Wnon-virtual-dtor -Wpointer-arith  -DCOMPILER_SUPPORT_Wwritestrings -Werror   -Wwrite-strings -o CMakeFiles/cmTryCompileExec.dir/src.cxx.o -c /home/tom/Downloads/eigen/build/CMakeFiles/CMakeTmp/src.cxx
Linking CXX executable cmTryCompileExec
/usr/bin/cmake -E cmake_link_script CMakeFiles/cmTryCompileExec.dir/link.txt --verbose=1
/usr/bin/c++     -fexceptions -pedantic -Wall -Wextra -Wundef -Wcast-align -Wchar-subscripts -Wnon-virtual-dtor -Wpointer-arith  -DCOMPILER_SUPPORT_Wwritestrings -Werror    CMakeFiles/cmTryCompileExec.dir/src.cxx.o  -o cmTryCompileExec -rdynamic 
make[1]: Leaving directory `/home/tom/Downloads/eigen/build/CMakeFiles/CMakeTmp'

Source file was:
int main() { return 0;}
Performing C++ SOURCE FILE Test COMPILER_SUPPORT_Wformatsecurity succeded with the following output:
Change Dir: /home/tom/Downloads/eigen/build/CMakeFiles/CMakeTmp

Run Build Command:/usr/bin/make "cmTryCompileExec/fast"
/usr/bin/make -f CMakeFiles/cmTryCompileExec.dir/build.make CMakeFiles/cmTryCompileExec.dir/build
make[1]: Entering directory `/home/tom/Downloads/eigen/build/CMakeFiles/CMakeTmp'
/usr/bin/cmake -E cmake_progress_report /home/tom/Downloads/eigen/build/CMakeFiles/CMakeTmp/CMakeFiles 1
Building CXX object CMakeFiles/cmTryCompileExec.dir/src.cxx.o
/usr/bin/c++    -fexceptions -pedantic -Wall -Wextra -Wundef -Wcast-align -Wchar-subscripts -Wnon-virtual-dtor -Wpointer-arith -Wwrite-strings  -DCOMPILER_SUPPORT_Wformatsecurity -Werror   -Wformat-security -o CMakeFiles/cmTryCompileExec.dir/src.cxx.o -c /home/tom/Downloads/eigen/build/CMakeFiles/CMakeTmp/src.cxx
Linking CXX executable cmTryCompileExec
/usr/bin/cmake -E cmake_link_script CMakeFiles/cmTryCompileExec.dir/link.txt --verbose=1
/usr/bin/c++     -fexceptions -pedantic -Wall -Wextra -Wundef -Wcast-align -Wchar-subscripts -Wnon-virtual-dtor -Wpointer-arith -Wwrite-strings  -DCOMPILER_SUPPORT_Wformatsecurity -Werror    CMakeFiles/cmTryCompileExec.dir/src.cxx.o  -o cmTryCompileExec -rdynamic 
make[1]: Leaving directory `/home/tom/Downloads/eigen/build/CMakeFiles/CMakeTmp'

Source file was:
int main() { return 0;}
Performing C++ SOURCE FILE Test COMPILER_SUPPORT_Wnopsabi succeded with the following output:
Change Dir: /home/tom/Downloads/eigen/build/CMakeFiles/CMakeTmp

Run Build Command:/usr/bin/make "cmTryCompileExec/fast"
/usr/bin/make -f CMakeFiles/cmTryCompileExec.dir/build.make CMakeFiles/cmTryCompileExec.dir/build
make[1]: Entering directory `/home/tom/Downloads/eigen/build/CMakeFiles/CMakeTmp'
/usr/bin/cmake -E cmake_progress_report /home/tom/Downloads/eigen/build/CMakeFiles/CMakeTmp/CMakeFiles 1
Building CXX object CMakeFiles/cmTryCompileExec.dir/src.cxx.o
/usr/bin/c++    -fexceptions -pedantic -Wall -Wextra -Wundef -Wcast-align -Wchar-subscripts -Wnon-virtual-dtor -Wpointer-arith -Wwrite-strings -Wformat-security  -DCOMPILER_SUPPORT_Wnopsabi -Werror   -Wno-psabi -o CMakeFiles/cmTryCompileExec.dir/src.cxx.o -c /home/tom/Downloads/eigen/build/CMakeFiles/CMakeTmp/src.cxx
Linking CXX executable cmTryCompileExec
/usr/bin/cmake -E cmake_link_script CMakeFiles/cmTryCompileExec.dir/link.txt --verbose=1
/usr/bin/c++     -fexceptions -pedantic -Wall -Wextra -Wundef -Wcast-align -Wchar-subscripts -Wnon-virtual-dtor -Wpointer-arith -Wwrite-strings -Wformat-security  -DCOMPILER_SUPPORT_Wnopsabi -Werror    CMakeFiles/cmTryCompileExec.dir/src.cxx.o  -o cmTryCompileExec -rdynamic 
make[1]: Leaving directory `/home/tom/Downloads/eigen/build/CMakeFiles/CMakeTmp'

Source file was:
int main() { return 0;}
Performing C++ SOURCE FILE Test COMPILER_SUPPORT_Wnovariadicmacros succeded with the following output:
Change Dir: /home/tom/Downloads/eigen/build/CMakeFiles/CMakeTmp

Run Build Command:/usr/bin/make "cmTryCompileExec/fast"
/usr/bin/make -f CMakeFiles/cmTryCompileExec.dir/build.make CMakeFiles/cmTryCompileExec.dir/build
make[1]: Entering directory `/home/tom/Downloads/eigen/build/CMakeFiles/CMakeTmp'
/usr/bin/cmake -E cmake_progress_report /home/tom/Downloads/eigen/build/CMakeFiles/CMakeTmp/CMakeFiles 1
Building CXX object CMakeFiles/cmTryCompileExec.dir/src.cxx.o
/usr/bin/c++    -fexceptions -pedantic -Wall -Wextra -Wundef -Wcast-align -Wchar-subscripts -Wnon-virtual-dtor -Wpointer-arith -Wwrite-strings -Wformat-security -Wno-psabi  -DCOMPILER_SUPPORT_Wnovariadicmacros -Werror   -Wno-variadic-macros -o CMakeFiles/cmTryCompileExec.dir/src.cxx.o -c /home/tom/Downloads/eigen/build/CMakeFiles/CMakeTmp/src.cxx
Linking CXX executable cmTryCompileExec
/usr/bin/cmake -E cmake_link_script CMakeFiles/cmTryCompileExec.dir/link.txt --verbose=1
/usr/bin/c++     -fexceptions -pedantic -Wall -Wextra -Wundef -Wcast-align -Wchar-subscripts -Wnon-virtual-dtor -Wpointer-arith -Wwrite-strings -Wformat-security -Wno-psabi  -DCOMPILER_SUPPORT_Wnovariadicmacros -Werror    CMakeFiles/cmTryCompileExec.dir/src.cxx.o  -o cmTryCompileExec -rdynamic 
make[1]: Leaving directory `/home/tom/Downloads/eigen/build/CMakeFiles/CMakeTmp'

Source file was:
int main() { return 0;}
Performing C++ SOURCE FILE Test COMPILER_SUPPORT_Wnolonglong succeded with the following output:
Change Dir: /home/tom/Downloads/eigen/build/CMakeFiles/CMakeTmp

Run Build Command:/usr/bin/make "cmTryCompileExec/fast"
/usr/bin/make -f CMakeFiles/cmTryCompileExec.dir/build.make CMakeFiles/cmTryCompileExec.dir/build
make[1]: Entering directory `/home/tom/Downloads/eigen/build/CMakeFiles/CMakeTmp'
/usr/bin/cmake -E cmake_progress_report /home/tom/Downloads/eigen/build/CMakeFiles/CMakeTmp/CMakeFiles 1
Building CXX object CMakeFiles/cmTryCompileExec.dir/src.cxx.o
/usr/bin/c++    -fexceptions -pedantic -Wall -Wextra -Wundef -Wcast-align -Wchar-subscripts -Wnon-virtual-dtor -Wpointer-arith -Wwrite-strings -Wformat-security -Wno-psabi -Wno-variadic-macros  -DCOMPILER_SUPPORT_Wnolonglong -Werror   -Wno-long-long -o CMakeFiles/cmTryCompileExec.dir/src.cxx.o -c /home/tom/Downloads/eigen/build/CMakeFiles/CMakeTmp/src.cxx
Linking CXX executable cmTryCompileExec
/usr/bin/cmake -E cmake_link_script CMakeFiles/cmTryCompileExec.dir/link.txt --verbose=1
/usr/bin/c++     -fexceptions -pedantic -Wall -Wextra -Wundef -Wcast-align -Wchar-subscripts -Wnon-virtual-dtor -Wpointer-arith -Wwrite-strings -Wformat-security -Wno-psabi -Wno-variadic-macros  -DCOMPILER_SUPPORT_Wnolonglong -Werror    CMakeFiles/cmTryCompileExec.dir/src.cxx.o  -o cmTryCompileExec -rdynamic 
make[1]: Leaving directory `/home/tom/Downloads/eigen/build/CMakeFiles/CMakeTmp'

Source file was:
int main() { return 0;}
Performing C++ SOURCE FILE Test COMPILER_SUPPORT_fnochecknew succeded with the following output:
Change Dir: /home/tom/Downloads/eigen/build/CMakeFiles/CMakeTmp

Run Build Command:/usr/bin/make "cmTryCompileExec/fast"
/usr/bin/make -f CMakeFiles/cmTryCompileExec.dir/build.make CMakeFiles/cmTryCompileExec.dir/build
make[1]: Entering directory `/home/tom/Downloads/eigen/build/CMakeFiles/CMakeTmp'
/usr/bin/cmake -E cmake_progress_report /home/tom/Downloads/eigen/build/CMakeFiles/CMakeTmp/CMakeFiles 1
Building CXX object CMakeFiles/cmTryCompileExec.dir/src.cxx.o
/usr/bin/c++    -fexceptions -pedantic -Wall -Wextra -Wundef -Wcast-align -Wchar-subscripts -Wnon-virtual-dtor -Wpointer-arith -Wwrite-strings -Wformat-security -Wno-psabi -Wno-variadic-macros -Wno-long-long  -DCOMPILER_SUPPORT_fnochecknew -Werror   -fno-check-new -o CMakeFiles/cmTryCompileExec.dir/src.cxx.o -c /home/tom/Downloads/eigen/build/CMakeFiles/CMakeTmp/src.cxx
Linking CXX executable cmTryCompileExec
/usr/bin/cmake -E cmake_link_script CMakeFiles/cmTryCompileExec.dir/link.txt --verbose=1
/usr/bin/c++     -fexceptions -pedantic -Wall -Wextra -Wundef -Wcast-align -Wchar-subscripts -Wnon-virtual-dtor -Wpointer-arith -Wwrite-strings -Wformat-security -Wno-psabi -Wno-variadic-macros -Wno-long-long  -DCOMPILER_SUPPORT_fnochecknew -Werror    CMakeFiles/cmTryCompileExec.dir/src.cxx.o  -o cmTryCompileExec -rdynamic 
make[1]: Leaving directory `/home/tom/Downloads/eigen/build/CMakeFiles/CMakeTmp'

Source file was:
int main() { return 0;}
Performing C++ SOURCE FILE Test COMPILER_SUPPORT_fnocommon succeded with the following output:
Change Dir: /home/tom/Downloads/eigen/build/CMakeFiles/CMakeTmp

Run Build Command:/usr/bin/make "cmTryCompileExec/fast"
/usr/bin/make -f CMakeFiles/cmTryCompileExec.dir/build.make CMakeFiles/cmTryCompileExec.dir/build
make[1]: Entering directory `/home/tom/Downloads/eigen/build/CMakeFiles/CMakeTmp'
/usr/bin/cmake -E cmake_progress_report /home/tom/Downloads/eigen/build/CMakeFiles/CMakeTmp/CMakeFiles 1
Building CXX object CMakeFiles/cmTryCompileExec.dir/src.cxx.o
/usr/bin/c++    -fexceptions -pedantic -Wall -Wextra -Wundef -Wcast-align -Wchar-subscripts -Wnon-virtual-dtor -Wpointer-arith -Wwrite-strings -Wformat-security -Wno-psabi -Wno-variadic-macros -Wno-long-long -fno-check-new  -DCOMPILER_SUPPORT_fnocommon -Werror   -fno-common -o CMakeFiles/cmTryCompileExec.dir/src.cxx.o -c /home/tom/Downloads/eigen/build/CMakeFiles/CMakeTmp/src.cxx
Linking CXX executable cmTryCompileExec
/usr/bin/cmake -E cmake_link_script CMakeFiles/cmTryCompileExec.dir/link.txt --verbose=1
/usr/bin/c++     -fexceptions -pedantic -Wall -Wextra -Wundef -Wcast-align -Wchar-subscripts -Wnon-virtual-dtor -Wpointer-arith -Wwrite-strings -Wformat-security -Wno-psabi -Wno-variadic-macros -Wno-long-long -fno-check-new  -DCOMPILER_SUPPORT_fnocommon -Werror    CMakeFiles/cmTryCompileExec.dir/src.cxx.o  -o cmTryCompileExec -rdynamic 
make[1]: Leaving directory `/home/tom/Downloads/eigen/build/CMakeFiles/CMakeTmp'

Source file was:
int main() { return 0;}
Performing C++ SOURCE FILE Test COMPILER_SUPPORT_fstrictaliasing succeded with the following output:
Change Dir: /home/tom/Downloads/eigen/build/CMakeFiles/CMakeTmp

Run Build Command:/usr/bin/make "cmTryCompileExec/fast"
/usr/bin/make -f CMakeFiles/cmTryCompileExec.dir/build.make CMakeFiles/cmTryCompileExec.dir/build
make[1]: Entering directory `/home/tom/Downloads/eigen/build/CMakeFiles/CMakeTmp'
/usr/bin/cmake -E cmake_progress_report /home/tom/Downloads/eigen/build/CMakeFiles/CMakeTmp/CMakeFiles 1
Building CXX object CMakeFiles/cmTryCompileExec.dir/src.cxx.o
/usr/bin/c++    -fexceptions -pedantic -Wall -Wextra -Wundef -Wcast-align -Wchar-subscripts -Wnon-virtual-dtor -Wpointer-arith -Wwrite-strings -Wformat-security -Wno-psabi -Wno-variadic-macros -Wno-long-long -fno-check-new -fno-common  -DCOMPILER_SUPPORT_fstrictaliasing -Werror   -fstrict-aliasing -o CMakeFiles/cmTryCompileExec.dir/src.cxx.o -c /home/tom/Downloads/eigen/build/CMakeFiles/CMakeTmp/src.cxx
Linking CXX executable cmTryCompileExec
/usr/bin/cmake -E cmake_link_script CMakeFiles/cmTryCompileExec.dir/link.txt --verbose=1
/usr/bin/c++     -fexceptions -pedantic -Wall -Wextra -Wundef -Wcast-align -Wchar-subscripts -Wnon-virtual-dtor -Wpointer-arith -Wwrite-strings -Wformat-security -Wno-psabi -Wno-variadic-macros -Wno-long-long -fno-check-new -fno-common  -DCOMPILER_SUPPORT_fstrictaliasing -Werror    CMakeFiles/cmTryCompileExec.dir/src.cxx.o  -o cmTryCompileExec -rdynamic 
make[1]: Leaving directory `/home/tom/Downloads/eigen/build/CMakeFiles/CMakeTmp'

Source file was:
int main() { return 0;}
Performing C++ SOURCE FILE Test COMPILER_SUPPORT_ansi succeded with the following output:
Change Dir: /home/tom/Downloads/eigen/build/CMakeFiles/CMakeTmp

Run Build Command:/usr/bin/make "cmTryCompileExec/fast"
/usr/bin/make -f CMakeFiles/cmTryCompileExec.dir/build.make CMakeFiles/cmTryCompileExec.dir/build
make[1]: Entering directory `/home/tom/Downloads/eigen/build/CMakeFiles/CMakeTmp'
/usr/bin/cmake -E cmake_progress_report /home/tom/Downloads/eigen/build/CMakeFiles/CMakeTmp/CMakeFiles 1
Building CXX object CMakeFiles/cmTryCompileExec.dir/src.cxx.o
/usr/bin/c++    -fexceptions -pedantic -Wall -Wextra -Wundef -Wcast-align -Wchar-subscripts -Wnon-virtual-dtor -Wpointer-arith -Wwrite-strings -Wformat-security -Wno-psabi -Wno-variadic-macros -Wno-long-long -fno-check-new -fno-common -fstrict-aliasing  -DCOMPILER_SUPPORT_ansi -Werror   -ansi -o CMakeFiles/cmTryCompileExec.dir/src.cxx.o -c /home/tom/Downloads/eigen/build/CMakeFiles/CMakeTmp/src.cxx
Linking CXX executable cmTryCompileExec
/usr/bin/cmake -E cmake_link_script CMakeFiles/cmTryCompileExec.dir/link.txt --verbose=1
/usr/bin/c++     -fexceptions -pedantic -Wall -Wextra -Wundef -Wcast-align -Wchar-subscripts -Wnon-virtual-dtor -Wpointer-arith -Wwrite-strings -Wformat-security -Wno-psabi -Wno-variadic-macros -Wno-long-long -fno-check-new -fno-common -fstrict-aliasing  -DCOMPILER_SUPPORT_ansi -Werror    CMakeFiles/cmTryCompileExec.dir/src.cxx.o  -o cmTryCompileExec -rdynamic 
make[1]: Leaving directory `/home/tom/Downloads/eigen/build/CMakeFiles/CMakeTmp'

Source file was:
int main() { return 0;}
Performing C++ SOURCE FILE Test COMPILER_SUPPORT_OPENMP succeded with the following output:
Change Dir: /home/tom/Downloads/eigen/build/CMakeFiles/CMakeTmp

Run Build Command:/usr/bin/make "cmTryCompileExec/fast"
/usr/bin/make -f CMakeFiles/cmTryCompileExec.dir/build.make CMakeFiles/cmTryCompileExec.dir/build
make[1]: Entering directory `/home/tom/Downloads/eigen/build/CMakeFiles/CMakeTmp'
/usr/bin/cmake -E cmake_progress_report /home/tom/Downloads/eigen/build/CMakeFiles/CMakeTmp/CMakeFiles 1
Building CXX object CMakeFiles/cmTryCompileExec.dir/src.cxx.o
/usr/bin/c++    -fexceptions -pedantic -Wall -Wextra -Wundef -Wcast-align -Wchar-subscripts -Wnon-virtual-dtor -Wpointer-arith -Wwrite-strings -Wformat-security -Wno-psabi -Wno-variadic-macros -Wno-long-long -fno-check-new -fno-common -fstrict-aliasing -ansi  -DCOMPILER_SUPPORT_OPENMP   -fopenmp -o CMakeFiles/cmTryCompileExec.dir/src.cxx.o -c /home/tom/Downloads/eigen/build/CMakeFiles/CMakeTmp/src.cxx
Linking CXX executable cmTryCompileExec
/usr/bin/cmake -E cmake_link_script CMakeFiles/cmTryCompileExec.dir/link.txt --verbose=1
/usr/bin/c++     -fexceptions -pedantic -Wall -Wextra -Wundef -Wcast-align -Wchar-subscripts -Wnon-virtual-dtor -Wpointer-arith -Wwrite-strings -Wformat-security -Wno-psabi -Wno-variadic-macros -Wno-long-long -fno-check-new -fno-common -fstrict-aliasing -ansi  -DCOMPILER_SUPPORT_OPENMP    CMakeFiles/cmTryCompileExec.dir/src.cxx.o  -o cmTryCompileExec -rdynamic 
make[1]: Leaving directory `/home/tom/Downloads/eigen/build/CMakeFiles/CMakeTmp'

Source file was:
int main() { return 0;}
Determining if the Q_WS_X11 exist passed with the following output:
Change Dir: /home/tom/Downloads/eigen/build/CMakeFiles/CMakeTmp

Run Build Command:/usr/bin/make "cmTryCompileExec/fast"
/usr/bin/make -f CMakeFiles/cmTryCompileExec.dir/build.make CMakeFiles/cmTryCompileExec.dir/build
make[1]: Entering directory `/home/tom/Downloads/eigen/build/CMakeFiles/CMakeTmp'
/usr/bin/cmake -E cmake_progress_report /home/tom/Downloads/eigen/build/CMakeFiles/CMakeTmp/CMakeFiles 1
Building CXX object CMakeFiles/cmTryCompileExec.dir/CheckSymbolExists.cxx.o
/usr/bin/c++    -fexceptions -pedantic -Wall -Wextra -Wundef -Wcast-align -Wchar-subscripts -Wnon-virtual-dtor -Wpointer-arith -Wwrite-strings -Wformat-security -Wno-psabi -Wno-variadic-macros -Wno-long-long -fno-check-new -fno-common -fstrict-aliasing -ansi -O1 -g1   -I/usr/include/qt4    -o CMakeFiles/cmTryCompileExec.dir/CheckSymbolExists.cxx.o -c /home/tom/Downloads/eigen/build/CMakeFiles/CMakeTmp/CheckSymbolExists.cxx
Linking CXX executable cmTryCompileExec
/usr/bin/cmake -E cmake_link_script CMakeFiles/cmTryCompileExec.dir/link.txt --verbose=1
/usr/bin/c++     -fexceptions -pedantic -Wall -Wextra -Wundef -Wcast-align -Wchar-subscripts -Wnon-virtual-dtor -Wpointer-arith -Wwrite-strings -Wformat-security -Wno-psabi -Wno-variadic-macros -Wno-long-long -fno-check-new -fno-common -fstrict-aliasing -ansi -O1 -g1      CMakeFiles/cmTryCompileExec.dir/CheckSymbolExists.cxx.o  -o cmTryCompileExec -rdynamic 
make[1]: Leaving directory `/home/tom/Downloads/eigen/build/CMakeFiles/CMakeTmp'

File /home/tom/Downloads/eigen/build/CMakeFiles/CMakeTmp/CheckSymbolExists.cxx:
/* */
#include <QtCore/qglobal.h>

void cmakeRequireSymbol(int dummy,...){(void)dummy;}
int main()
{
#ifndef Q_WS_X11
  cmakeRequireSymbol(0,&Q_WS_X11);
#endif
  return 0;
}

Compiling the Fortran compiler identification source file "CMakeFortranCompilerId.F" succeeded.
Compiler: /usr/bin/gfortran 
Build flags: 
Id flags: 

The output was:
0


Compilation of the Fortran compiler identification source "CMakeFortranCompilerId.F" produced "a.out"

The Fortran compiler identification is GNU, found in "/home/tom/Downloads/eigen/build/CMakeFiles/CompilerIdFortran/a.out"

Determining if the Fortran compiler works passed with the following output:
Change Dir: /home/tom/Downloads/eigen/build/CMakeFiles/CMakeTmp

Run Build Command:/usr/bin/make "cmTryCompileExec/fast"
/usr/bin/make -f CMakeFiles/cmTryCompileExec.dir/build.make CMakeFiles/cmTryCompileExec.dir/build
make[1]: Entering directory `/home/tom/Downloads/eigen/build/CMakeFiles/CMakeTmp'
/usr/bin/cmake -E cmake_progress_report /home/tom/Downloads/eigen/build/CMakeFiles/CMakeTmp/CMakeFiles 1
Building Fortran object CMakeFiles/cmTryCompileExec.dir/testFortranCompiler.f.o
/usr/bin/gfortran    -c /home/tom/Downloads/eigen/build/CMakeFiles/CMakeTmp/testFortranCompiler.f -o CMakeFiles/cmTryCompileExec.dir/testFortranCompiler.f.o
Linking Fortran executable cmTryCompileExec
/usr/bin/cmake -E cmake_link_script CMakeFiles/cmTryCompileExec.dir/link.txt --verbose=1
/usr/bin/gfortran         CMakeFiles/cmTryCompileExec.dir/testFortranCompiler.f.o  -o cmTryCompileExec -rdynamic 
make[1]: Leaving directory `/home/tom/Downloads/eigen/build/CMakeFiles/CMakeTmp'


Detecting Fortran compiler ABI info compiled with the following output:
Change Dir: /home/tom/Downloads/eigen/build/CMakeFiles/CMakeTmp

Run Build Command:/usr/bin/make "cmTryCompileExec/fast"
/usr/bin/make -f CMakeFiles/cmTryCompileExec.dir/build.make CMakeFiles/cmTryCompileExec.dir/build
make[1]: Entering directory `/home/tom/Downloads/eigen/build/CMakeFiles/CMakeTmp'
/usr/bin/cmake -E cmake_progress_report /home/tom/Downloads/eigen/build/CMakeFiles/CMakeTmp/CMakeFiles 1
Building Fortran object CMakeFiles/cmTryCompileExec.dir/CMakeFortranCompilerABI.F.o
/usr/bin/gfortran    -c /usr/share/cmake-2.8/Modules/CMakeFortranCompilerABI.F -o CMakeFiles/cmTryCompileExec.dir/CMakeFortranCompilerABI.F.o
Linking Fortran executable cmTryCompileExec
/usr/bin/cmake -E cmake_link_script CMakeFiles/cmTryCompileExec.dir/link.txt --verbose=1
/usr/bin/gfortran   -v     CMakeFiles/cmTryCompileExec.dir/CMakeFortranCompilerABI.F.o  -o cmTryCompileExec -rdynamic  
Driving: /usr/bin/gfortran -v CMakeFiles/cmTryCompileExec.dir/CMakeFortranCompilerABI.F.o -o cmTryCompileExec -rdynamic -l gfortran -l m -shared-libgcc
Using built-in specs.
COLLECT_GCC=/usr/bin/gfortran
COLLECT_LTO_WRAPPER=/usr/lib/gcc/x86_64-linux-gnu/4.6/lto-wrapper
Target: x86_64-linux-gnu
Configured with: ../src/configure -v --with-pkgversion='Ubuntu/Linaro 4.6.3-1ubuntu5' --with-bugurl=file:///usr/share/doc/gcc-4.6/README.Bugs --enable-languages=c,c++,fortran,objc,obj-c++ --prefix=/usr --program-suffix=-4.6 --enable-shared --enable-linker-build-id --with-system-zlib --libexecdir=/usr/lib --without-included-gettext --enable-threads=posix --with-gxx-include-dir=/usr/include/c++/4.6 --libdir=/usr/lib --enable-nls --with-sysroot=/ --enable-clocale=gnu --enable-libstdcxx-debug --enable-libstdcxx-time=yes --enable-gnu-unique-object --enable-plugin --enable-objc-gc --disable-werror --with-arch-32=i686 --with-tune=generic --enable-checking=release --build=x86_64-linux-gnu --host=x86_64-linux-gnu --target=x86_64-linux-gnu
Thread model: posix
gcc version 4.6.3 (Ubuntu/Linaro 4.6.3-1ubuntu5) 
Reading specs from /usr/lib/gcc/x86_64-linux-gnu/4.6/libgfortran.spec
rename spec lib to liborig
COLLECT_GCC_OPTIONS='-v' '-o' 'cmTryCompileExec' '-rdynamic' '-shared-libgcc' '-mtune=generic' '-march=x86-64'
COMPILER_PATH=/usr/lib/gcc/x86_64-linux-gnu/4.6/:/usr/lib/gcc/x86_64-linux-gnu/4.6/:/usr/lib/gcc/x86_64-linux-gnu/:/usr/lib/gcc/x86_64-linux-gnu/4.6/:/usr/lib/gcc/x86_64-linux-gnu/
LIBRARY_PATH=/usr/lib/gcc/x86_64-linux-gnu/4.6/:/usr/lib/gcc/x86_64-linux-gnu/4.6/../../../x86_64-linux-gnu/:/usr/lib/gcc/x86_64-linux-gnu/4.6/../../../../lib/:/lib/x86_64-linux-gnu/:/lib/../lib/:/usr/lib/x86_64-linux-gnu/:/usr/lib/../lib/:/usr/lib/gcc/x86_64-linux-gnu/4.6/../../../:/lib/:/usr/lib/
COLLECT_GCC_OPTIONS='-v' '-o' 'cmTryCompileExec' '-rdynamic' '-shared-libgcc' '-mtune=generic' '-march=x86-64'
 /usr/lib/gcc/x86_64-linux-gnu/4.6/collect2 --sysroot=/ --build-id --no-add-needed --as-needed --eh-frame-hdr -m elf_x86_64 --hash-style=gnu -export-dynamic -dynamic-linker /lib64/ld-linux-x86-64.so.2 -z relro -o cmTryCompileExec /usr/lib/gcc/x86_64-linux-gnu/4.6/../../../x86_64-linux-gnu/crt1.o /usr/lib/gcc/x86_64-linux-gnu/4.6/../../../x86_64-linux-gnu/crti.o /usr/lib/gcc/x86_64-linux-gnu/4.6/crtbegin.o -L/usr/lib/gcc/x86_64-linux-gnu/4.6 -L/usr/lib/gcc/x86_64-linux-gnu/4.6/../../../x86_64-linux-gnu -L/usr/lib/gcc/x86_64-linux-gnu/4.6/../../../../lib -L/lib/x86_64-linux-gnu -L/lib/../lib -L/usr/lib/x86_64-linux-gnu -L/usr/lib/../lib -L/usr/lib/gcc/x86_64-linux-gnu/4.6/../../.. CMakeFiles/cmTryCompileExec.dir/CMakeFortranCompilerABI.F.o -lgfortran -lm -lgcc_s -lgcc -lquadmath -lm -lgcc_s -lgcc -lc -lgcc_s -lgcc /usr/lib/gcc/x86_64-linux-gnu/4.6/crtend.o /usr/lib/gcc/x86_64-linux-gnu/4.6/../../../x86_64-linux-gnu/crtn.o
make[1]: Leaving directory `/home/tom/Downloads/eigen/build/CMakeFiles/CMakeTmp'


Parsed Fortran implicit link information from above output:
  link line regex: [^( *|.*[/\])(ld|ld|collect2)[^/\]*( |$)]
  ignore line: [Change Dir: /home/tom/Downloads/eigen/build/CMakeFiles/CMakeTmp]
  ignore line: []
  ignore line: [Run Build Command:/usr/bin/make "cmTryCompileExec/fast"]
  ignore line: [/usr/bin/make -f CMakeFiles/cmTryCompileExec.dir/build.make CMakeFiles/cmTryCompileExec.dir/build]
  ignore line: [make[1]: Entering directory `/home/tom/Downloads/eigen/build/CMakeFiles/CMakeTmp']
  ignore line: [/usr/bin/cmake -E cmake_progress_report /home/tom/Downloads/eigen/build/CMakeFiles/CMakeTmp/CMakeFiles 1]
  ignore line: [Building Fortran object CMakeFiles/cmTryCompileExec.dir/CMakeFortranCompilerABI.F.o]
  ignore line: [/usr/bin/gfortran    -c /usr/share/cmake-2.8/Modules/CMakeFortranCompilerABI.F -o CMakeFiles/cmTryCompileExec.dir/CMakeFortranCompilerABI.F.o]
  ignore line: [Linking Fortran executable cmTryCompileExec]
  ignore line: [/usr/bin/cmake -E cmake_link_script CMakeFiles/cmTryCompileExec.dir/link.txt --verbose=1]
  ignore line: [/usr/bin/gfortran   -v     CMakeFiles/cmTryCompileExec.dir/CMakeFortranCompilerABI.F.o  -o cmTryCompileExec -rdynamic  ]
  ignore line: [Driving: /usr/bin/gfortran -v CMakeFiles/cmTryCompileExec.dir/CMakeFortranCompilerABI.F.o -o cmTryCompileExec -rdynamic -l gfortran -l m -shared-libgcc]
  ignore line: [Using built-in specs.]
  ignore line: [COLLECT_GCC=/usr/bin/gfortran]
  ignore line: [COLLECT_LTO_WRAPPER=/usr/lib/gcc/x86_64-linux-gnu/4.6/lto-wrapper]
  ignore line: [Target: x86_64-linux-gnu]
  ignore line: [Configured with: ../src/configure -v --with-pkgversion='Ubuntu/Linaro 4.6.3-1ubuntu5' --with-bugurl=file:///usr/share/doc/gcc-4.6/README.Bugs --enable-languages=c,c++,fortran,objc,obj-c++ --prefix=/usr --program-suffix=-4.6 --enable-shared --enable-linker-build-id --with-system-zlib --libexecdir=/usr/lib --without-included-gettext --enable-threads=posix --with-gxx-include-dir=/usr/include/c++/4.6 --libdir=/usr/lib --enable-nls --with-sysroot=/ --enable-clocale=gnu --enable-libstdcxx-debug --enable-libstdcxx-time=yes --enable-gnu-unique-object --enable-plugin --enable-objc-gc --disable-werror --with-arch-32=i686 --with-tune=generic --enable-checking=release --build=x86_64-linux-gnu --host=x86_64-linux-gnu --target=x86_64-linux-gnu]
  ignore line: [Thread model: posix]
  ignore line: [gcc version 4.6.3 (Ubuntu/Linaro 4.6.3-1ubuntu5) ]
  ignore line: [Reading specs from /usr/lib/gcc/x86_64-linux-gnu/4.6/libgfortran.spec]
  ignore line: [rename spec lib to liborig]
  ignore line: [COLLECT_GCC_OPTIONS='-v' '-o' 'cmTryCompileExec' '-rdynamic' '-shared-libgcc' '-mtune=generic' '-march=x86-64']
  ignore line: [COMPILER_PATH=/usr/lib/gcc/x86_64-linux-gnu/4.6/:/usr/lib/gcc/x86_64-linux-gnu/4.6/:/usr/lib/gcc/x86_64-linux-gnu/:/usr/lib/gcc/x86_64-linux-gnu/4.6/:/usr/lib/gcc/x86_64-linux-gnu/]
  ignore line: [LIBRARY_PATH=/usr/lib/gcc/x86_64-linux-gnu/4.6/:/usr/lib/gcc/x86_64-linux-gnu/4.6/../../../x86_64-linux-gnu/:/usr/lib/gcc/x86_64-linux-gnu/4.6/../../../../lib/:/lib/x86_64-linux-gnu/:/lib/../lib/:/usr/lib/x86_64-linux-gnu/:/usr/lib/../lib/:/usr/lib/gcc/x86_64-linux-gnu/4.6/../../../:/lib/:/usr/lib/]
  ignore line: [COLLECT_GCC_OPTIONS='-v' '-o' 'cmTryCompileExec' '-rdynamic' '-shared-libgcc' '-mtune=generic' '-march=x86-64']
  link line: [ /usr/lib/gcc/x86_64-linux-gnu/4.6/collect2 --sysroot=/ --build-id --no-add-needed --as-needed --eh-frame-hdr -m elf_x86_64 --hash-style=gnu -export-dynamic -dynamic-linker /lib64/ld-linux-x86-64.so.2 -z relro -o cmTryCompileExec /usr/lib/gcc/x86_64-linux-gnu/4.6/../../../x86_64-linux-gnu/crt1.o /usr/lib/gcc/x86_64-linux-gnu/4.6/../../../x86_64-linux-gnu/crti.o /usr/lib/gcc/x86_64-linux-gnu/4.6/crtbegin.o -L/usr/lib/gcc/x86_64-linux-gnu/4.6 -L/usr/lib/gcc/x86_64-linux-gnu/4.6/../../../x86_64-linux-gnu -L/usr/lib/gcc/x86_64-linux-gnu/4.6/../../../../lib -L/lib/x86_64-linux-gnu -L/lib/../lib -L/usr/lib/x86_64-linux-gnu -L/usr/lib/../lib -L/usr/lib/gcc/x86_64-linux-gnu/4.6/../../.. CMakeFiles/cmTryCompileExec.dir/CMakeFortranCompilerABI.F.o -lgfortran -lm -lgcc_s -lgcc -lquadmath -lm -lgcc_s -lgcc -lc -lgcc_s -lgcc /usr/lib/gcc/x86_64-linux-gnu/4.6/crtend.o /usr/lib/gcc/x86_64-linux-gnu/4.6/../../../x86_64-linux-gnu/crtn.o]
    arg [/usr/lib/gcc/x86_64-linux-gnu/4.6/collect2] ==> ignore
    arg [--sysroot=/] ==> ignore
    arg [--build-id] ==> ignore
    arg [--no-add-needed] ==> ignore
    arg [--as-needed] ==> ignore
    arg [--eh-frame-hdr] ==> ignore
    arg [-m] ==> ignore
    arg [elf_x86_64] ==> ignore
    arg [--hash-style=gnu] ==> ignore
    arg [-export-dynamic] ==> ignore
    arg [-dynamic-linker] ==> ignore
    arg [/lib64/ld-linux-x86-64.so.2] ==> ignore
    arg [-zrelro] ==> ignore
    arg [-o] ==> ignore
    arg [cmTryCompileExec] ==> ignore
    arg [/usr/lib/gcc/x86_64-linux-gnu/4.6/../../../x86_64-linux-gnu/crt1.o] ==> ignore
    arg [/usr/lib/gcc/x86_64-linux-gnu/4.6/../../../x86_64-linux-gnu/crti.o] ==> ignore
    arg [/usr/lib/gcc/x86_64-linux-gnu/4.6/crtbegin.o] ==> ignore
    arg [-L/usr/lib/gcc/x86_64-linux-gnu/4.6] ==> dir [/usr/lib/gcc/x86_64-linux-gnu/4.6]
    arg [-L/usr/lib/gcc/x86_64-linux-gnu/4.6/../../../x86_64-linux-gnu] ==> dir [/usr/lib/gcc/x86_64-linux-gnu/4.6/../../../x86_64-linux-gnu]
    arg [-L/usr/lib/gcc/x86_64-linux-gnu/4.6/../../../../lib] ==> dir [/usr/lib/gcc/x86_64-linux-gnu/4.6/../../../../lib]
    arg [-L/lib/x86_64-linux-gnu] ==> dir [/lib/x86_64-linux-gnu]
    arg [-L/lib/../lib] ==> dir [/lib/../lib]
    arg [-L/usr/lib/x86_64-linux-gnu] ==> dir [/usr/lib/x86_64-linux-gnu]
    arg [-L/usr/lib/../lib] ==> dir [/usr/lib/../lib]
    arg [-L/usr/lib/gcc/x86_64-linux-gnu/4.6/../../..] ==> dir [/usr/lib/gcc/x86_64-linux-gnu/4.6/../../..]
    arg [CMakeFiles/cmTryCompileExec.dir/CMakeFortranCompilerABI.F.o] ==> ignore
    arg [-lgfortran] ==> lib [gfortran]
    arg [-lm] ==> lib [m]
    arg [-lgcc_s] ==> lib [gcc_s]
    arg [-lgcc] ==> lib [gcc]
    arg [-lquadmath] ==> lib [quadmath]
    arg [-lm] ==> lib [m]
    arg [-lgcc_s] ==> lib [gcc_s]
    arg [-lgcc] ==> lib [gcc]
    arg [-lc] ==> lib [c]
    arg [-lgcc_s] ==> lib [gcc_s]
    arg [-lgcc] ==> lib [gcc]
    arg [/usr/lib/gcc/x86_64-linux-gnu/4.6/crtend.o] ==> ignore
    arg [/usr/lib/gcc/x86_64-linux-gnu/4.6/../../../x86_64-linux-gnu/crtn.o] ==> ignore
  remove lib [gcc_s]
  remove lib [gcc]
  remove lib [gcc_s]
  remove lib [gcc]
  remove lib [gcc_s]
  remove lib [gcc]
  collapse dir [/usr/lib/gcc/x86_64-linux-gnu/4.6] ==> [/usr/lib/gcc/x86_64-linux-gnu/4.6]
  collapse dir [/usr/lib/gcc/x86_64-linux-gnu/4.6/../../../x86_64-linux-gnu] ==> [/usr/lib/x86_64-linux-gnu]
  collapse dir [/usr/lib/gcc/x86_64-linux-gnu/4.6/../../../../lib] ==> [/usr/lib]
  collapse dir [/lib/x86_64-linux-gnu] ==> [/lib/x86_64-linux-gnu]
  collapse dir [/lib/../lib] ==> [/lib]
  collapse dir [/usr/lib/x86_64-linux-gnu] ==> [/usr/lib/x86_64-linux-gnu]
  collapse dir [/usr/lib/../lib] ==> [/usr/lib]
  collapse dir [/usr/lib/gcc/x86_64-linux-gnu/4.6/../../..] ==> [/usr/lib]
  implicit libs: [gfortran;m;quadmath;m;c]
  implicit dirs: [/usr/lib/gcc/x86_64-linux-gnu/4.6;/usr/lib/x86_64-linux-gnu;/usr/lib;/lib/x86_64-linux-gnu;/lib]


Determining if the Fortran compiler supports Fortran 90 passed with the following output:
Change Dir: /home/tom/Downloads/eigen/build/CMakeFiles/CMakeTmp

Run Build Command:/usr/bin/make "cmTryCompileExec/fast"
/usr/bin/make -f CMakeFiles/cmTryCompileExec.dir/build.make CMakeFiles/cmTryCompileExec.dir/build
make[1]: Entering directory `/home/tom/Downloads/eigen/build/CMakeFiles/CMakeTmp'
/usr/bin/cmake -E cmake_progress_report /home/tom/Downloads/eigen/build/CMakeFiles/CMakeTmp/CMakeFiles 1
Building Fortran object CMakeFiles/cmTryCompileExec.dir/testFortranCompilerF90.f90.o
/usr/bin/gfortran    -c /home/tom/Downloads/eigen/build/CMakeFiles/CMakeTmp/testFortranCompilerF90.f90 -o CMakeFiles/cmTryCompileExec.dir/testFortranCompilerF90.f90.o
Linking Fortran executable cmTryCompileExec
/usr/bin/cmake -E cmake_link_script CMakeFiles/cmTryCompileExec.dir/link.txt --verbose=1
/usr/bin/gfortran         CMakeFiles/cmTryCompileExec.dir/testFortranCompilerF90.f90.o  -o cmTryCompileExec -rdynamic 
make[1]: Leaving directory `/home/tom/Downloads/eigen/build/CMakeFiles/CMakeTmp'


Determining if the function XOpenDisplay exists in the /usr/lib/x86_64-linux-gnu/libX11.so;/usr/lib/x86_64-linux-gnu/libXext.so passed with the following output:
Change Dir: /home/tom/Downloads/eigen/build/CMakeFiles/CMakeTmp

Run Build Command:/usr/bin/make "cmTryCompileExec/fast"
/usr/bin/make -f CMakeFiles/cmTryCompileExec.dir/build.make CMakeFiles/cmTryCompileExec.dir/build
make[1]: Entering directory `/home/tom/Downloads/eigen/build/CMakeFiles/CMakeTmp'
/usr/bin/cmake -E cmake_progress_report /home/tom/Downloads/eigen/build/CMakeFiles/CMakeTmp/CMakeFiles 1
Building C object CMakeFiles/cmTryCompileExec.dir/CheckFunctionExists.c.o
/usr/bin/gcc   -DCHECK_FUNCTION_EXISTS=XOpenDisplay   -o CMakeFiles/cmTryCompileExec.dir/CheckFunctionExists.c.o   -c /usr/share/cmake-2.8/Modules/CheckFunctionExists.c
Linking C executable cmTryCompileExec
/usr/bin/cmake -E cmake_link_script CMakeFiles/cmTryCompileExec.dir/link.txt --verbose=1
/usr/bin/gcc     -DCHECK_FUNCTION_EXISTS=XOpenDisplay    CMakeFiles/cmTryCompileExec.dir/CheckFunctionExists.c.o  -o cmTryCompileExec -rdynamic -lX11 -lXext 
make[1]: Leaving directory `/home/tom/Downloads/eigen/build/CMakeFiles/CMakeTmp'


Determining if the function gethostbyname exists passed with the following output:
Change Dir: /home/tom/Downloads/eigen/build/CMakeFiles/CMakeTmp

Run Build Command:/usr/bin/make "cmTryCompileExec/fast"
/usr/bin/make -f CMakeFiles/cmTryCompileExec.dir/build.make CMakeFiles/cmTryCompileExec.dir/build
make[1]: Entering directory `/home/tom/Downloads/eigen/build/CMakeFiles/CMakeTmp'
/usr/bin/cmake -E cmake_progress_report /home/tom/Downloads/eigen/build/CMakeFiles/CMakeTmp/CMakeFiles 1
Building C object CMakeFiles/cmTryCompileExec.dir/CheckFunctionExists.c.o
/usr/bin/gcc   -DCHECK_FUNCTION_EXISTS=gethostbyname   -o CMakeFiles/cmTryCompileExec.dir/CheckFunctionExists.c.o   -c /usr/share/cmake-2.8/Modules/CheckFunctionExists.c
Linking C executable cmTryCompileExec
/usr/bin/cmake -E cmake_link_script CMakeFiles/cmTryCompileExec.dir/link.txt --verbose=1
/usr/bin/gcc     -DCHECK_FUNCTION_EXISTS=gethostbyname    CMakeFiles/cmTryCompileExec.dir/CheckFunctionExists.c.o  -o cmTryCompileExec -rdynamic 
make[1]: Leaving directory `/home/tom/Downloads/eigen/build/CMakeFiles/CMakeTmp'


Determining if the function connect exists passed with the following output:
Change Dir: /home/tom/Downloads/eigen/build/CMakeFiles/CMakeTmp

Run Build Command:/usr/bin/make "cmTryCompileExec/fast"
/usr/bin/make -f CMakeFiles/cmTryCompileExec.dir/build.make CMakeFiles/cmTryCompileExec.dir/build
make[1]: Entering directory `/home/tom/Downloads/eigen/build/CMakeFiles/CMakeTmp'
/usr/bin/cmake -E cmake_progress_report /home/tom/Downloads/eigen/build/CMakeFiles/CMakeTmp/CMakeFiles 1
Building C object CMakeFiles/cmTryCompileExec.dir/CheckFunctionExists.c.o
/usr/bin/gcc   -DCHECK_FUNCTION_EXISTS=connect   -o CMakeFiles/cmTryCompileExec.dir/CheckFunctionExists.c.o   -c /usr/share/cmake-2.8/Modules/CheckFunctionExists.c
Linking C executable cmTryCompileExec
/usr/bin/cmake -E cmake_link_script CMakeFiles/cmTryCompileExec.dir/link.txt --verbose=1
/usr/bin/gcc     -DCHECK_FUNCTION_EXISTS=connect    CMakeFiles/cmTryCompileExec.dir/CheckFunctionExists.c.o  -o cmTryCompileExec -rdynamic 
make[1]: Leaving directory `/home/tom/Downloads/eigen/build/CMakeFiles/CMakeTmp'


Determining if the function remove exists passed with the following output:
Change Dir: /home/tom/Downloads/eigen/build/CMakeFiles/CMakeTmp

Run Build Command:/usr/bin/make "cmTryCompileExec/fast"
/usr/bin/make -f CMakeFiles/cmTryCompileExec.dir/build.make CMakeFiles/cmTryCompileExec.dir/build
make[1]: Entering directory `/home/tom/Downloads/eigen/build/CMakeFiles/CMakeTmp'
/usr/bin/cmake -E cmake_progress_report /home/tom/Downloads/eigen/build/CMakeFiles/CMakeTmp/CMakeFiles 1
Building C object CMakeFiles/cmTryCompileExec.dir/CheckFunctionExists.c.o
/usr/bin/gcc   -DCHECK_FUNCTION_EXISTS=remove   -o CMakeFiles/cmTryCompileExec.dir/CheckFunctionExists.c.o   -c /usr/share/cmake-2.8/Modules/CheckFunctionExists.c
Linking C executable cmTryCompileExec
/usr/bin/cmake -E cmake_link_script CMakeFiles/cmTryCompileExec.dir/link.txt --verbose=1
/usr/bin/gcc     -DCHECK_FUNCTION_EXISTS=remove    CMakeFiles/cmTryCompileExec.dir/CheckFunctionExists.c.o  -o cmTryCompileExec -rdynamic 
make[1]: Leaving directory `/home/tom/Downloads/eigen/build/CMakeFiles/CMakeTmp'


Determining if the function shmat exists passed with the following output:
Change Dir: /home/tom/Downloads/eigen/build/CMakeFiles/CMakeTmp

Run Build Command:/usr/bin/make "cmTryCompileExec/fast"
/usr/bin/make -f CMakeFiles/cmTryCompileExec.dir/build.make CMakeFiles/cmTryCompileExec.dir/build
make[1]: Entering directory `/home/tom/Downloads/eigen/build/CMakeFiles/CMakeTmp'
/usr/bin/cmake -E cmake_progress_report /home/tom/Downloads/eigen/build/CMakeFiles/CMakeTmp/CMakeFiles 1
Building C object CMakeFiles/cmTryCompileExec.dir/CheckFunctionExists.c.o
/usr/bin/gcc   -DCHECK_FUNCTION_EXISTS=shmat   -o CMakeFiles/cmTryCompileExec.dir/CheckFunctionExists.c.o   -c /usr/share/cmake-2.8/Modules/CheckFunctionExists.c
Linking C executable cmTryCompileExec
/usr/bin/cmake -E cmake_link_script CMakeFiles/cmTryCompileExec.dir/link.txt --verbose=1
/usr/bin/gcc     -DCHECK_FUNCTION_EXISTS=shmat    CMakeFiles/cmTryCompileExec.dir/CheckFunctionExists.c.o  -o cmTryCompileExec -rdynamic 
make[1]: Leaving directory `/home/tom/Downloads/eigen/build/CMakeFiles/CMakeTmp'


Determining if the function IceConnectionNumber exists in the ICE passed with the following output:
Change Dir: /home/tom/Downloads/eigen/build/CMakeFiles/CMakeTmp

Run Build Command:/usr/bin/make "cmTryCompileExec/fast"
/usr/bin/make -f CMakeFiles/cmTryCompileExec.dir/build.make CMakeFiles/cmTryCompileExec.dir/build
make[1]: Entering directory `/home/tom/Downloads/eigen/build/CMakeFiles/CMakeTmp'
/usr/bin/cmake -E cmake_progress_report /home/tom/Downloads/eigen/build/CMakeFiles/CMakeTmp/CMakeFiles 1
Building C object CMakeFiles/cmTryCompileExec.dir/CheckFunctionExists.c.o
/usr/bin/gcc   -DCHECK_FUNCTION_EXISTS=IceConnectionNumber   -o CMakeFiles/cmTryCompileExec.dir/CheckFunctionExists.c.o   -c /usr/share/cmake-2.8/Modules/CheckFunctionExists.c
Linking C executable cmTryCompileExec
/usr/bin/cmake -E cmake_link_script CMakeFiles/cmTryCompileExec.dir/link.txt --verbose=1
/usr/bin/gcc     -DCHECK_FUNCTION_EXISTS=IceConnectionNumber    CMakeFiles/cmTryCompileExec.dir/CheckFunctionExists.c.o  -o cmTryCompileExec -rdynamic -lICE 
make[1]: Leaving directory `/home/tom/Downloads/eigen/build/CMakeFiles/CMakeTmp'


